<?xml version="1.0" encoding="UTF-8"?>
<!-- Generated by org.testng.reporters.JUnitReportReporter -->
<testsuite hostname="MacBook-Pro.home" failures="0" tests="2" name="andoorathodi.SeleniumTestNGJuly2024.StandAloneTest" time="17.191" errors="0" timestamp="2024-07-31T10:45:33 PDT" skipped="0">
  <testcase classname="andoorathodi.SeleniumTestNGJuly2024.StandAloneTest" name="checkOrder" time="6.364"/>
  <testcase classname="andoorathodi.SeleniumTestNGJuly2024.StandAloneTest" name="standaloneTest" time="10.827"/>
</testsuite> <!-- andoorathodi.SeleniumTestNGJuly2024.StandAloneTest -->
