<?xml version="1.0" encoding="UTF-8"?>
<!-- Generated by org.testng.reporters.JUnitReportReporter -->
<testsuite hostname="MacBook-Pro.home" failures="0" tests="1" name="andoorathodi.SeleniumTestNGJuly2024.StandAloneNegative" time="5.417" errors="0" timestamp="2024-07-31T10:05:04 PDT" skipped="0">
  <testcase classname="andoorathodi.SeleniumTestNGJuly2024.StandAloneNegative" name="negativeTest" time="5.417"/>
</testsuite> <!-- andoorathodi.SeleniumTestNGJuly2024.StandAloneNegative -->
