<?xml version="1.0" encoding="UTF-8"?>
<!-- Generated by org.testng.reporters.JUnitReportReporter -->
<testsuite hostname="MacBook-Pro.home" failures="0" tests="1" name="andoorathodi.SeleniumTestNGJuly2024.HomeLoan" time="0.005" errors="0" timestamp="2024-07-31T12:56:05 PDT" skipped="0">
  <testcase classname="andoorathodi.SeleniumTestNGJuly2024.HomeLoan" name="houseLoan" time="0.005"/>
</testsuite> <!-- andoorathodi.SeleniumTestNGJuly2024.HomeLoan -->
