<?xml version="1.0" encoding="UTF-8"?>
<!-- Generated by org.testng.reporters.JUnitReportReporter -->
<testsuite hostname="MacBook-Pro.home" failures="0" tests="4" name="andoorathodi.SeleniumTestNGJuly2024.CarLoan" time="0.003" errors="0" timestamp="2024-07-30T06:40:22 PDT" skipped="0">
  <testcase classname="andoorathodi.SeleniumTestNGJuly2024.CarLoan" name="hondaLoan" time="0.000"/>
  <testcase classname="andoorathodi.SeleniumTestNGJuly2024.CarLoan" name="carModels" time="0.001"/>
  <testcase classname="andoorathodi.SeleniumTestNGJuly2024.CarLoan" name="carModels" time="0.001"/>
  <testcase classname="andoorathodi.SeleniumTestNGJuly2024.CarLoan" name="toyotaLoan" time="0.001"/>
</testsuite> <!-- andoorathodi.SeleniumTestNGJuly2024.CarLoan -->
