<?xml version="1.0" encoding="UTF-8"?>
<!-- Generated by org.testng.reporters.JUnitReportReporter -->
<testsuite hostname="MacBook-Pro.home" failures="0" tests="1" name="andoorathodi.SeleniumTestNGJuly2024.CarLoanTest" time="0.001" errors="0" timestamp="2024-07-30T11:04:20 PDT" skipped="0">
  <testcase classname="andoorathodi.SeleniumTestNGJuly2024.CarLoanTest" name="toyotaLoan" time="0.001"/>
</testsuite> <!-- andoorathodi.SeleniumTestNGJuly2024.CarLoanTest -->
