<?xml version="1.0" encoding="UTF-8"?>
<!-- Generated by org.testng.reporters.JUnitReportReporter -->
<testsuite hostname="MacBook-Pro.home" failures="0" tests="3" name="andoorathodi.SeleniumTestNGJuly2024.StandAloneTest" time="61.504" errors="0" timestamp="2024-08-01T09:44:14 PDT" skipped="0">
  <testcase classname="andoorathodi.SeleniumTestNGJuly2024.StandAloneTest" name="standaloneTest" time="22.498"/>
  <testcase classname="andoorathodi.SeleniumTestNGJuly2024.StandAloneTest" name="checkOrder" time="15.353"/>
  <testcase classname="andoorathodi.SeleniumTestNGJuly2024.StandAloneTest" name="standaloneTest" time="23.653"/>
</testsuite> <!-- andoorathodi.SeleniumTestNGJuly2024.StandAloneTest -->
