<?xml version="1.0" encoding="UTF-8"?>
<!-- Generated by org.testng.reporters.JUnitReportReporter -->
<testsuite hostname="MacBook-Pro.home" failures="0" tests="3" name="andoorathodi.SeleniumTestNGJuly2024.StandAloneTest" time="34.184" errors="0" timestamp="2024-08-02T07:22:29 PDT" skipped="0">
  <testcase classname="andoorathodi.SeleniumTestNGJuly2024.StandAloneTest" name="standaloneTest" time="10.074"/>
  <testcase classname="andoorathodi.SeleniumTestNGJuly2024.StandAloneTest" name="standaloneTest" time="10.182"/>
  <testcase classname="andoorathodi.SeleniumTestNGJuly2024.StandAloneTest" name="checkOrder" time="13.928"/>
</testsuite> <!-- andoorathodi.SeleniumTestNGJuly2024.StandAloneTest -->
